<?xml version='1.0' encoding='UTF-8'?>
<testsuite hostname="Lewiss-iMac.attlocal.net" name="subtypingtests" tests="3" errors="0" failures="0" skipped="0" time="0.016" timestamp="2021-11-05T22:59:04">
          <properties>
[...]
</properties>
          <testcase classname="subtypingtests" name="EX01 - observeCounter" time="0.013">
                      
                    </testcase><testcase classname="subtypingtests" name="EX02 - observeCounterList" time="0.001">
                      
                    </testcase><testcase classname="subtypingtests" name="EX03 - observeCounterArray" time="0.002">
                      
                    </testcase>
          <system-out><![CDATA[]]></system-out>
          <system-err><![CDATA[]]></system-err>
        </testsuite>